Change Component Designator: Old Designator=C98 New Designator=C?
Change Component Designator: Old Designator=C99 New Designator=C?
Change Component Designator: Old Designator=C163 New Designator=C?
Change Component Designator: Old Designator=C165 New Designator=C?
Change Component Designator: Old Designator=C185 New Designator=C?
Change Component Designator: Old Designator=C187 New Designator=C?
Change Component Designator: Old Designator=C188 New Designator=C?
Change Component Designator: Old Designator=C189 New Designator=C?
Change Component Designator: Old Designator=C190 New Designator=C?
Change Component Designator: Old Designator=D10 New Designator=D?
Change Component Designator: Old Designator=D11 New Designator=D?
Change Component Designator: Old Designator=D12 New Designator=D?
Change Component Designator: Old Designator=J1 New Designator=J?
Change Component Designator: Old Designator=LD11 New Designator=LD?
Change Component Designator: Old Designator=P10 New Designator=P?
Change Component Designator: Old Designator=P25 New Designator=P?
Change Component Designator: Old Designator=R20 New Designator=R?
Change Component Designator: Old Designator=R21 New Designator=R?
Change Component Designator: Old Designator=R72 New Designator=R?
Change Component Designator: Old Designator=R77 New Designator=R?
Change Component Designator: Old Designator=R100 New Designator=R?
Change Component Designator: Old Designator=R159 New Designator=R?
Change Component Designator: Old Designator=R164 New Designator=R?
Change Component Designator: Old Designator=R172 New Designator=R?
Change Component Designator: Old Designator=R174 New Designator=R?
Change Component Designator: Old Designator=R177 New Designator=R?
Change Component Designator: Old Designator=R178 New Designator=R?
Change Component Designator: Old Designator=R181 New Designator=R?
Change Component Designator: Old Designator=R303 New Designator=R?
Change Component Designator: Old Designator=R304 New Designator=R?
Change Component Designator: Old Designator=R305 New Designator=R?
Change Component Designator: Old Designator=SB21 New Designator=SB?
Change Component Designator: Old Designator=T6 New Designator=T?
Change Component Designator: Old Designator=TP20 New Designator=TP?
Change Component Designator: Old Designator=TP21 New Designator=TP?
Change Component Designator: Old Designator=U2 New Designator=U?
Change Component Designator: Old Designator=U2 New Designator=U?
Change Component Designator: Old Designator=U34 New Designator=U?
Change Component Designator: Old Designator=X5 New Designator=X?
