Removed Member From Class: ClassName=Sheet1 Member=U1
Add Component: Footprint Not Found PB10
Add Component: Footprint Not Found 0603C
Add Component: Footprint Not Found C0402
Add Component: Footprint Not Found C0402
Add Component: Footprint Not Found 0603C
Add Component: Footprint Not Found C0603
Add Component: Footprint Not Found C0603
Add Component: Footprint Not Found C0402
Add Component: Footprint Not Found C0402
Add Component: Footprint Not Found C0402
Add Component: Footprint Not Found 0603C
Add Component: Footprint Not Found 0603C
Add Component: Footprint Not Found C0402
Add Component: Footprint Not Found 0603C
Add Component: Footprint Not Found DB9/M
Add Component: Footprint Not Found CON_MICROSD_YAMAICHI_PJS008-2003-0
Add Component: Footprint Not Found SOT23-213
Add Component: Footprint Not Found SIP3
Add Component: Footprint Not Found SIP3
Add Component: Footprint Not Found SIP2
Add Component: Footprint Not Found SIP2
Add Component: Footprint Not Found LED_BI-GR_HSMF-A201-A00J1
Added Component: Designator=MD?(FP-ESP32-WROOM-32D_8MB-MFG)
Add component (AddParameter): Name = "Case/Package"; Value = "SMD/SMT"; VariantName = "[No Variations]"
Add component (AddParameter): Name = "Data Rate"; Value = "150Mbps"; VariantName = "[No Variations]"
Add component (AddParameter): Name = "Frequency"; Value = "2.5GHz"; VariantName = "[No Variations]"
Add component (AddParameter): Name = "Interface"; Value = "I2C"; VariantName = "[No Variations]"
Add component (AddParameter): Name = "Max Operating Temperature"; Value = "85°C"; VariantName = "[No Variations]"
Add component (AddParameter): Name = "Memory Size"; Value = "536KB"; VariantName = "[No Variations]"
Add component (AddParameter): Name = "Min Operating Temperature"; Value = "-40°C"; VariantName = "[No Variations]"
Add component (AddParameter): Name = "Mount"; Value = "Surface Mount"; VariantName = "[No Variations]"
Add component (AddParameter): Name = "Packaging"; Value = "Tape and Reel"; VariantName = "[No Variations]"
Add component (AddParameter): Name = "Sensitivity"; Value = "-98dBm"; VariantName = "[No Variations]"
Add Component: Footprint Not Found 0603R
Add Component: Footprint Not Found 0603R
Add Component: Footprint Not Found R0402
Add Component: Footprint Not Found R0402
Add Component: Footprint Not Found 0603R
Add Component: Footprint Not Found R0402
Add Component: Footprint Not Found R0402
Add Component: Footprint Not Found 0603R
Add Component: Footprint Not Found R0402
Add Component: Footprint Not Found 0603R
Add Component: Footprint Not Found 0603R
Add Component: Footprint Not Found 0603R
Add Component: Footprint Not Found 0603R
Add Component: Footprint Not Found 0603R
Add Component: Footprint Not Found R0402
Add Component: Footprint Not Found 0603R
Add Component: Footprint Not Found 0603R
Add Component: Footprint Not Found 0603R
Add Component: Footprint Not Found 0603R
Add Component: Footprint Not Found 0603R
Add Component: Footprint Not Found 0603R
Add Component: Footprint Not Found 0603R
Add Component: Footprint Not Found 0603R
Add Component: Footprint Not Found 0603R
Add Component: Footprint Not Found 0603R
Add Component: Footprint Not Found 0603R
Add Component: Footprint Not Found 0603R
Add Component: Footprint Not Found R0402
Add Component: Footprint Not Found R0402
Add Component: Footprint Not Found R0402
Add Component: Footprint Not Found R0402
Add Component: Footprint Not Found R0402
Add Component: Footprint Not Found R0402
Add Component: Footprint Not Found R0402
Add Component: Footprint Not Found R0402
Add Component: Footprint Not Found R0402
Add Component: Footprint Not Found 0603R
Add Component: Footprint Not Found SOLDER-BRIDGE_R0603-0R
Add Component: Footprint Not Found SWI_C&K_SDA02H1SBD_2POS
Add Component: Footprint Not Found SOT23-213
Add Component: Footprint Not Found TP_SMD_1MM
Add Component: Footprint Not Found TP_SMD_1MM
Add Component: Footprint Not Found QFN24_0R5_4X4
Add Component: Footprint Not Found SOIC8_1R27_4R9X6
Add Component: Footprint Not Found ESD_UQFN-10L_2P5X1_P050
Add Component: Footprint Not Found ESD_UQFN-10L_2P5X1_P050
Add Component: Footprint Not Found CRY_NX3225GD_2P
Add Pin To Net: Unknown Pin: Pin B?-1
Add Pin To Net: Unknown Pin: Pin B?-4
Add Pin To Net: Unknown Pin: Pin C2-1
Add Pin To Net: Unknown Pin: Pin C2-2
Add Pin To Net: Unknown Pin: Pin C3-2
Add Pin To Net: Unknown Pin: Pin C4-2
Add Pin To Net: Unknown Pin: Pin C5-1
Add Pin To Net: Unknown Pin: Pin C5-2
Add Pin To Net: Unknown Pin: Pin C6-1
Add Pin To Net: Unknown Pin: Pin C7-2
Add Pin To Net: Unknown Pin: Pin C8-1
Add Pin To Net: Unknown Pin: Pin C9-1
Add Pin To Net: Unknown Pin: Pin C10-1
Add Pin To Net: Unknown Pin: Pin C11-1
Add Pin To Net: Unknown Pin: Pin C11-2
Add Pin To Net: Unknown Pin: Pin C12-1
Add Pin To Net: Unknown Pin: Pin C12-2
Add Pin To Net: Unknown Pin: Pin C13-1
Add Pin To Net: Unknown Pin: Pin C13-2
Add Pin To Net: Unknown Pin: Pin C?-1
Add Pin To Net: Unknown Pin: Pin CN1-3
Add Pin To Net: Unknown Pin: Pin CN1-6
Add Pin To Net: Unknown Pin: Pin CN1-10
Add Pin To Net: Unknown Pin: Pin CN1-11
Add Pin To Net: Unknown Pin: Pin CN2-4
Add Pin To Net: Unknown Pin: Pin CN2-6
Add Pin To Net: Unknown Pin: Pin CN2-9
Add Pin To Net: Unknown Pin: Pin D4-3
Add Pin To Net: Unknown Pin: Pin JP2-1
Add Pin To Net: Unknown Pin: Pin LD1-1
Add Pin To Net: Unknown Pin: Pin LD1-4
Add Pin To Net: Unknown Pin: Pin R1-1
Add Pin To Net: Unknown Pin: Pin R2-2
Add Pin To Net: Unknown Pin: Pin R3-2
Add Pin To Net: Unknown Pin: Pin R5-2
Add Pin To Net: Unknown Pin: Pin R7-2
Add Pin To Net: Unknown Pin: Pin R8-1
Add Pin To Net: Unknown Pin: Pin R10-1
Add Pin To Net: Unknown Pin: Pin R11-1
Add Pin To Net: Unknown Pin: Pin R11-2
Add Pin To Net: Unknown Pin: Pin R12-1
Add Pin To Net: Unknown Pin: Pin R13-2
Add Pin To Net: Unknown Pin: Pin R14-2
Add Pin To Net: Unknown Pin: Pin R15-1
Add Pin To Net: Unknown Pin: Pin R15-2
Add Pin To Net: Unknown Pin: Pin R16-1
Add Pin To Net: Unknown Pin: Pin R17-1
Add Pin To Net: Unknown Pin: Pin R18-1
Add Pin To Net: Unknown Pin: Pin R19-2
Add Pin To Net: Unknown Pin: Pin R20-2
Add Pin To Net: Unknown Pin: Pin R21-1
Add Pin To Net: Unknown Pin: Pin R22-1
Add Pin To Net: Unknown Pin: Pin R23-1
Add Pin To Net: Unknown Pin: Pin R24-1
Add Pin To Net: Unknown Pin: Pin R26-1
Add Pin To Net: Unknown Pin: Pin R27-1
Add Pin To Net: Unknown Pin: Pin R28-2
Add Pin To Net: Unknown Pin: Pin R29-2
Add Pin To Net: Unknown Pin: Pin R30-2
Add Pin To Net: Unknown Pin: Pin R31-2
Add Pin To Net: Unknown Pin: Pin R32-2
Add Pin To Net: Unknown Pin: Pin R33-2
Add Pin To Net: Unknown Pin: Pin SB1-1
Add Pin To Net: Unknown Pin: Pin T1-3
Added Pin To Net: NetName=3V Pin=U2-1
Added Pin To Net: NetName=GND Pin=U2-8
Added Pin To Net: NetName=3V Pin=U2-9
Added Pin To Net: NetName=GND Pin=U2-23
Added Pin To Net: NetName=3V Pin=U2-24
Added Pin To Net: NetName=GND Pin=U2-35
Added Pin To Net: NetName=3V Pin=U2-36
Added Pin To Net: NetName=GND Pin=U2-47
Added Pin To Net: NetName=3V Pin=U2-48
Add Pin To Net: Unknown Pin: Pin U4-9
Add Pin To Net: Unknown Pin: Pin U4-21
Add Pin To Net: Unknown Pin: Pin U4-25
Add Pin To Net: Unknown Pin: Pin U5-2
Add Pin To Net: Unknown Pin: Pin U5-3
Add Pin To Net: Unknown Pin: Pin U6-3
Add Pin To Net: Unknown Pin: Pin U6-8
Add Pin To Net: Unknown Pin: Pin U7-3
Add Pin To Net: Unknown Pin: Pin U7-8
Added Pin To Net: NetName=BOOT0 Pin=U1-166
Added Net: Name=BOOT0
Added Pin To Net: NetName=BOOT1 Pin=U1-58
Added Net: Name=BOOT1
Added Pin To Net: NetName=CAN1_RX Pin=U1-122
Added Net: Name=CAN1_RX
Added Pin To Net: NetName=CAN1_TX Pin=U1-123
Added Net: Name=CAN1_TX
Added Pin To Net: NetName=I2C1_SCL Pin=U1-164
Added Net: Name=I2C1_SCL
Added Pin To Net: NetName=I2C1_SDA Pin=U1-168
Added Net: Name=I2C1_SDA
Added Net: Name=I2S3_CK
Added Pin To Net: NetName=IO_Expandor_INT Pin=U1-7
Added Net: Name=IO_Expandor_INT
Added Net: Name=MicroSDCard_Detect
Added Pin To Net: NetName=NetC6_2 Pin=D11-2
Added Pin To Net: NetName=NetC6_2 Pin=U34-5
Added Net: Name=NetC6_2
Added Pin To Net: NetName=NetC7_1 Pin=U34-1
Added Pin To Net: NetName=NetC7_1 Pin=U34-3
Added Net: Name=NetC7_1
Added Pin To Net: NetName=NetC9_2 Pin=U34-4
Added Net: Name=NetC9_2
Added Net: Name=NetCN1_2
Added Net: Name=NetCN1_5
Added Net: Name=NetCN1_7
Added Net: Name=NetCN1_9
Added Net: Name=NetCN2_10
Added Pin To Net: NetName=NetJP1_2 Pin=U1-161
Added Net: Name=NetJP1_2
Added Net: Name=NetJP2_2
Added Net: Name=NetJP2_3
Added Net: Name=NetJP3_1
Added Net: Name=NetJP?_2
Added Net: Name=NetLD1_2
Added Net: Name=NetLD1_3
Added Pin To Net: NetName=NetR1_2 Pin=U2-10
Added Net: Name=NetR1_2
Added Pin To Net: NetName=NetR5_1 Pin=U2-20
Added Net: Name=NetR5_1
Added Pin To Net: NetName=NetR8_2 Pin=U2-2
Added Net: Name=NetR8_2
Added Pin To Net: NetName=NetR9_2 Pin=U2-44
Added Net: Name=NetR9_2
Added Pin To Net: NetName=NetR10_2 Pin=U2-3
Added Net: Name=NetR10_2
Added Net: Name=NetR12_2
Added Net: Name=NetR17_2
Added Net: Name=NetR18_2
Added Net: Name=NetR21_2
Added Net: Name=NetR?_1
Add Net: Net with name "NetR?_1" already exists
Added Net: Name=NetR?_2
Added Net: Name=NetU4_1
Added Net: Name=NetU4_2
Added Net: Name=NetU4_3
Added Net: Name=NetU4_4
Added Net: Name=NetU4_5
Added Net: Name=NetU4_6
Added Net: Name=NetU4_7
Added Net: Name=NetU4_8
Added Net: Name=NetU4_10
Added Net: Name=NetU4_11
Added Net: Name=NetU4_12
Added Net: Name=NetU4_13
Added Net: Name=NetU4_14
Added Net: Name=NetU4_15
Added Net: Name=NetU4_16
Added Net: Name=NetU4_17
Added Pin To Net: NetName=OSC_IN Pin=U2-5
Added Net: Name=OSC_IN
Added Pin To Net: NetName=OSC_OUT Pin=U2-6
Added Net: Name=OSC_OUT
Added Pin To Net: NetName=RESET# Pin=U2-18
Added Net: Name=RESET#
Add Net: Net with name "RESET#" already exists
Added Pin To Net: NetName=STLINK_RX Pin=U2-13
Added Net: Name=STLINK_RX
Added Pin To Net: NetName=STLINK_TX Pin=U2-12
Added Net: Name=STLINK_TX
Added Pin To Net: NetName=T_JRST Pin=U1-162
Added Pin To Net: NetName=T_JRST Pin=U2-19
Added Net: Name=T_JRST
Added Pin To Net: NetName=T_JTCK Pin=U1-137
Added Pin To Net: NetName=T_JTCK Pin=U2-15
Added Pin To Net: NetName=T_JTCK Pin=U2-26
Added Net: Name=T_JTCK
Added Pin To Net: NetName=T_JTDI Pin=U1-138
Added Pin To Net: NetName=T_JTDI Pin=U2-17
Added Net: Name=T_JTDI
Added Pin To Net: NetName=T_JTDO Pin=U2-16
Added Pin To Net: NetName=T_JTDO Pin=U2-31
Added Net: Name=T_JTDO
Added Pin To Net: NetName=T_JTMS Pin=U1-124
Added Pin To Net: NetName=T_JTMS Pin=U2-25
Added Pin To Net: NetName=T_JTMS Pin=U2-27
Added Net: Name=T_JTMS
Added Pin To Net: NetName=UART1_RX Pin=U1-121
Added Net: Name=UART1_RX
Added Pin To Net: NetName=UART1_TX Pin=U1-120
Added Net: Name=UART1_TX
Added Pin To Net: NetName=uSD_CLK Pin=U1-141
Added Net: Name=uSD_CLK
Added Pin To Net: NetName=uSD_CMD Pin=U1-144
Added Net: Name=uSD_CMD
Added Pin To Net: NetName=uSD_D0 Pin=U1-117
Added Net: Name=uSD_D0
Added Pin To Net: NetName=uSD_D1 Pin=U1-118
Added Net: Name=uSD_D1
Added Pin To Net: NetName=uSD_D2 Pin=U1-139
Added Net: Name=uSD_D2
Added Pin To Net: NetName=uSD_D3 Pin=U1-140
Added Net: Name=uSD_D3
Added Net: Name=VDD
Added Class: Name=MCU
Added Class: Name=wifi
Add Class Member: Failed to add class member : Component B? TD-0341 [RESET/Black]
Add Class Member: Failed to add class member : Component C2 100nF
Add Class Member: Failed to add class member : Component C3
Add Class Member: Failed to add class member : Component C4
Add Class Member: Failed to add class member : Component C5 100nF
Add Class Member: Failed to add class member : Component C6
Add Class Member: Failed to add class member : Component C7
Add Class Member: Failed to add class member : Component C8
Add Class Member: Failed to add class member : Component C9
Add Class Member: Failed to add class member : Component C10
Add Class Member: Failed to add class member : Component C11 100nF
Add Class Member: Failed to add class member : Component C12 100nF
Add Class Member: Failed to add class member : Component C13 Capacitor
Add Class Member: Failed to add class member : Component C? 100nF
Add Class Member: Failed to add class member : Component CN1 DB9-male CAN connector
Add Class Member: Failed to add class member : Component CN2
Add Class Member: Failed to add class member : Component D4 ESDCAN24-2BLY
Add Class Member: Failed to add class member : Component HW2 JUMPER_OPEN
Add Class Member: Failed to add class member : Component JP2
Add Class Member: Failed to add class member : Component JP3
Add Class Member: Failed to add class member : Component LD1
Add Class Member: Failed to add class member : Component R1 4K7
Add Class Member: Failed to add class member : Component R2 4K7
Add Class Member: Failed to add class member : Component R3
Add Class Member: Failed to add class member : Component R4
Add Class Member: Failed to add class member : Component R5 100K
Add Class Member: Failed to add class member : Component R6
Add Class Member: Failed to add class member : Component R7
Add Class Member: Failed to add class member : Component R8 10K
Add Class Member: Failed to add class member : Component R9
Add Class Member: Failed to add class member : Component R10 10K
Add Class Member: Failed to add class member : Component R11 100K
Add Class Member: Failed to add class member : Component R12 10K
Add Class Member: Failed to add class member : Component R13 36K
Add Class Member: Failed to add class member : Component R14 1K5
Add Class Member: Failed to add class member : Component R15
Add Class Member: Failed to add class member : Component R16 10K
Add Class Member: Failed to add class member : Component R17 10K
Add Class Member: Failed to add class member : Component R18 10K
Add Class Member: Failed to add class member : Component R19 10K
Add Class Member: Failed to add class member : Component R20 0
Add Class Member: Failed to add class member : Component R21 10K
Add Class Member: Failed to add class member : Component R22 [N/A]
Add Class Member: Failed to add class member : Component R23 [N/A]
Add Class Member: Failed to add class member : Component R24 [N/A]
Add Class Member: Failed to add class member : Component R25 120
Add Class Member: Failed to add class member : Component R26 [N/A]
Add Class Member: Failed to add class member : Component R27 0
Add Class Member: Failed to add class member : Component R28
Add Class Member: Failed to add class member : Component R29
Add Class Member: Failed to add class member : Component R30
Add Class Member: Failed to add class member : Component R31
Add Class Member: Failed to add class member : Component R32
Add Class Member: Failed to add class member : Component R33
Add Class Member: Failed to add class member : Component R34
Add Class Member: Failed to add class member : Component R?
Add Class Member: Failed to add class member : Component R?
Add Class Member: Failed to add class member : Component SB1
Add Class Member: Failed to add class member : Component SW? SWITCH_2WAY
Add Class Member: Failed to add class member : Component T1 9013
Add Class Member: Failed to add class member : Component TP1 Test Point
Add Class Member: Failed to add class member : Component TP2 Test Point
Added Member To Class: ClassName=LINK Member=Component U2 STM32F103C8T6
Add Class Member: Failed to add class member : Component U4 STMPE1600QTR
Add Class Member: Failed to add class member : Component U5 SN65HVD230
Add Class Member: Failed to add class member : Component U6 HSP051-4M10
Add Class Member: Failed to add class member : Component U7 HSP051-4M10
Add Class Member: Failed to add class member : Component X1
