Change Component Designator: Old Designator=C49 New Designator=C?
Change Component Designator: Old Designator=C162 New Designator=C?
Change Component Designator: Old Designator=CN15 New Designator=CN?
Change Component Designator: Old Designator=HW1300 New Designator=HW?
Change Component Designator: Old Designator=R13 New Designator=R?
Change Component Designator: Old Designator=R14 New Designator=R?
Change Component Designator: Old Designator=R16 New Designator=R?
Change Component Designator: Old Designator=R19 New Designator=R?
Change Component Designator: Old Designator=R25 New Designator=R?
Change Component Designator: Old Designator=R28 New Designator=R?
Change Component Designator: Old Designator=R33 New Designator=R?
Change Component Designator: Old Designator=R159 New Designator=R?
Change Component Designator: Old Designator=R160 New Designator=R?
Change Component Designator: Old Designator=R161 New Designator=R?
Change Component Designator: Old Designator=R165 New Designator=R?
Change Component Designator: Old Designator=R167 New Designator=R?
Change Component Designator: Old Designator=R175 New Designator=R?
Change Component Designator: Old Designator=R179 New Designator=R?
Change Component Designator: Old Designator=U10 New Designator=U?
Change Component Designator: Old Designator=U16 New Designator=U?
Change Component Designator: Old Designator=U26 New Designator=U?
